Build started 4/7/2017 6:56:51 PM.
     1>Project "C:\Users\administrator\Documents\GitHub\BubbleBobble\BitMapMaker\BitMapMaker\BitMapMaker.vcxproj" on node 2 (Build target(s)).
     1>ClCompile:
         C:\Program Files (x86)\Microsoft Visual Studio 12.0\VC\bin\CL.exe /c /IC:\SFML\include /ZI /nologo /W3 /WX- /sdl /Od /Oy- /D SFML_STATIC /D WIN32 /D _DEBUG /D _CONSOLE /D _LIB /D _UNICODE /D UNICODE /Gm /EHsc /RTC1 /MDd /GS /fp:precise /Zc:wchar_t /Zc:forScope /Yu"stdafx.h" /Fp"Debug\BitMapMaker.pch" /Fo"Debug\\" /Fd"Debug\vc120.pdb" /Gd /TP /analyze- /errorReport:prompt BitMapMaker.cpp
         BitMapMaker.cpp
     1>c:\users\administrator\documents\github\bubblebobble\bitmapmaker\bitmapmaker\bitmapmaker.cpp(36): warning C4018: '<' : signed/unsigned mismatch
     1>c:\users\administrator\documents\github\bubblebobble\bitmapmaker\bitmapmaker\bitmapmaker.cpp(62): warning C4244: 'initializing' : conversion from 'double' to 'int', possible loss of data
     1>c:\users\administrator\documents\github\bubblebobble\bitmapmaker\bitmapmaker\bitmapmaker.cpp(63): warning C4244: 'initializing' : conversion from 'double' to 'int', possible loss of data
     1>c:\users\administrator\documents\github\bubblebobble\bitmapmaker\bitmapmaker\bitmapmaker.cpp(70): warning C4018: '<' : signed/unsigned mismatch
     1>c:\users\administrator\documents\github\bubblebobble\bitmapmaker\bitmapmaker\bitmapmaker.cpp(72): warning C4018: '<' : signed/unsigned mismatch
     1>c:\users\administrator\documents\github\bubblebobble\bitmapmaker\bitmapmaker\bitmapmaker.cpp(79): warning C4018: '<' : signed/unsigned mismatch
     1>c:\users\administrator\documents\github\bubblebobble\bitmapmaker\bitmapmaker\bitmapmaker.cpp(81): warning C4018: '<' : signed/unsigned mismatch
     1>c:\users\administrator\documents\github\bubblebobble\bitmapmaker\bitmapmaker\bitmapmaker.cpp(94): warning C4018: '<' : signed/unsigned mismatch
     1>c:\users\administrator\documents\github\bubblebobble\bitmapmaker\bitmapmaker\bitmapmaker.cpp(96): warning C4018: '<' : signed/unsigned mismatch
     1>c:\users\administrator\documents\github\bubblebobble\bitmapmaker\bitmapmaker\bitmapmaker.cpp(111): warning C4018: '<' : signed/unsigned mismatch
     1>c:\users\administrator\documents\github\bubblebobble\bitmapmaker\bitmapmaker\bitmapmaker.cpp(113): warning C4018: '<' : signed/unsigned mismatch
     1>c:\users\administrator\documents\github\bubblebobble\bitmapmaker\bitmapmaker\bitmapmaker.cpp(125): warning C4018: '<' : signed/unsigned mismatch
     1>c:\users\administrator\documents\github\bubblebobble\bitmapmaker\bitmapmaker\bitmapmaker.cpp(128): warning C4018: '<' : signed/unsigned mismatch
     1>c:\users\administrator\documents\github\bubblebobble\bitmapmaker\bitmapmaker\bitmapmaker.cpp(163): warning C4018: '<' : signed/unsigned mismatch
     1>c:\users\administrator\documents\github\bubblebobble\bitmapmaker\bitmapmaker\bitmapmaker.cpp(189): warning C4244: 'initializing' : conversion from 'double' to 'int', possible loss of data
     1>c:\users\administrator\documents\github\bubblebobble\bitmapmaker\bitmapmaker\bitmapmaker.cpp(190): warning C4244: 'initializing' : conversion from 'double' to 'int', possible loss of data
     1>c:\users\administrator\documents\github\bubblebobble\bitmapmaker\bitmapmaker\bitmapmaker.cpp(221): warning C4018: '<' : signed/unsigned mismatch
     1>c:\users\administrator\documents\github\bubblebobble\bitmapmaker\bitmapmaker\bitmapmaker.cpp(223): warning C4018: '<' : signed/unsigned mismatch
     1>c:\users\administrator\documents\github\bubblebobble\bitmapmaker\bitmapmaker\bitmapmaker.cpp(235): warning C4018: '<' : signed/unsigned mismatch
     1>c:\users\administrator\documents\github\bubblebobble\bitmapmaker\bitmapmaker\bitmapmaker.cpp(237): warning C4018: '<' : signed/unsigned mismatch
       Link:
         C:\Program Files (x86)\Microsoft Visual Studio 12.0\VC\bin\link.exe /ERRORREPORT:PROMPT /OUT:"C:\Users\administrator\Documents\GitHub\BubbleBobble\BitMapMaker\Debug\BitMapMaker.exe" /INCREMENTAL /NOLOGO /LIBPATH:C:\SFML\lib "sfml-graphics-s-d.lib" "sfml-window-s-d.lib" "sfml-system-s-d.lib" opengl32.lib freetype.lib jpeg.lib winmm.lib gdi32.lib "sfml-audio-s-d.lib" openal32.lib flac.lib vorbisenc.lib vorbisfile.lib vorbis.lib ogg.lib "sfml-network-s-d.lib" ws2_32.lib kernel32.lib user32.lib gdi32.lib winspool.lib comdlg32.lib advapi32.lib shell32.lib ole32.lib oleaut32.lib uuid.lib odbc32.lib odbccp32.lib kernel32.lib user32.lib gdi32.lib winspool.lib comdlg32.lib advapi32.lib shell32.lib ole32.lib oleaut32.lib uuid.lib odbc32.lib odbccp32.lib /MANIFEST /MANIFESTUAC:"level='asInvoker' uiAccess='false'" /manifest:embed /DEBUG /PDB:"C:\Users\administrator\Documents\GitHub\BubbleBobble\BitMapMaker\Debug\BitMapMaker.pdb" /SUBSYSTEM:CONSOLE /TLBID:1 /DYNAMICBASE /NXCOMPAT /IMPLIB:"C:\Users\administrator\Documents\GitHub\BubbleBobble\BitMapMaker\Debug\BitMapMaker.lib" /MACHINE:X86 Debug\BitMapMaker.obj
         Debug\stdafx.obj
         BitMapMaker.vcxproj -> C:\Users\administrator\Documents\GitHub\BubbleBobble\BitMapMaker\Debug\BitMapMaker.exe
     1>Done Building Project "C:\Users\administrator\Documents\GitHub\BubbleBobble\BitMapMaker\BitMapMaker\BitMapMaker.vcxproj" (Build target(s)).

Build succeeded.

Time Elapsed 00:00:01.60
